This file contains any messages produced by compilers while
running configure, to aid debugging if configure makes a mistake.

It was created by configure, which was
generated by GNU Autoconf 2.59.  Invocation command line was

  $ ./configure --prefix=/usr

## --------- ##
## Platform. ##
## --------- ##

hostname = localhost.localdomain
uname -m = i686
uname -r = 2.6.16-1.2070_FC5
uname -s = Linux
uname -v = #1 Wed Mar 22 09:45:47 EST 2006

/usr/bin/uname -p = unknown
/bin/uname -X     = unknown

/bin/arch              = i686
/usr/bin/arch -k       = unknown
/usr/convex/getsysinfo = unknown
hostinfo               = unknown
/bin/machine           = unknown
/usr/bin/oslevel       = unknown
/bin/universe          = unknown

PATH: /usr/kerberos/sbin
PATH: /usr/lib/qt-3.3/bin
PATH: /usr/kerberos/bin
PATH: /usr/lib/ccache
PATH: /usr/local/bin
PATH: /usr/bin
PATH: /bin
PATH: /usr/X11R6/bin
PATH: /home/kyndig/bin


## ----------- ##
## Core tests. ##
## ----------- ##

configure:1546: checking for a BSD-compatible install
configure:1601: result: /usr/bin/install -c
configure:1612: checking whether build environment is sane
configure:1655: result: yes
configure:1720: checking for gawk
configure:1736: found /usr/bin/gawk
configure:1746: result: gawk
configure:1756: checking whether make sets $(MAKE)
configure:1776: result: yes
configure:1997: checking for gcc
configure:2023: result: ccache gcc
configure:2267: checking for C compiler version
configure:2270: ccache gcc --version </dev/null >&5
gcc (GCC) 4.1.1 20060525 (Red Hat 4.1.1-1)
Copyright (C) 2006 Free Software Foundation, Inc.
This is free software; see the source for copying conditions.  There is NO
warranty; not even for MERCHANTABILITY or FITNESS FOR A PARTICULAR PURPOSE.

configure:2273: $? = 0
configure:2275: ccache gcc -v </dev/null >&5
Using built-in specs.
Target: i386-redhat-linux
Configured with: ../configure --prefix=/usr --mandir=/usr/share/man --infodir=/usr/share/info --enable-shared --enable-threads=posix --enable-checking=release --with-system-zlib --enable-__cxa_atexit --disable-libunwind-exceptions --enable-libgcj-multifile --enable-languages=c,c++,objc,obj-c++,java,fortran,ada --enable-java-awt=gtk --disable-dssi --with-java-home=/usr/lib/jvm/java-1.4.2-gcj-1.4.2.0/jre --with-cpu=generic --host=i386-redhat-linux
Thread model: posix
gcc version 4.1.1 20060525 (Red Hat 4.1.1-1)
configure:2278: $? = 0
configure:2280: ccache gcc -V </dev/null >&5
gcc: '-V' option must have argument
configure:2283: $? = 1
configure:2306: checking for C compiler default output file name
configure:2309: ccache gcc    conftest.c  >&5
configure:2312: $? = 0
configure:2358: result: a.out
configure:2363: checking whether the C compiler works
configure:2369: ./a.out
configure:2372: $? = 0
configure:2389: result: yes
configure:2396: checking whether we are cross compiling
configure:2398: result: no
configure:2401: checking for suffix of executables
configure:2403: ccache gcc -o conftest    conftest.c  >&5
configure:2406: $? = 0
configure:2431: result: 
configure:2437: checking for suffix of object files
configure:2458: ccache gcc -c   conftest.c >&5
configure:2461: $? = 0
configure:2483: result: o
configure:2487: checking whether we are using the GNU C compiler
configure:2511: ccache gcc -c   conftest.c >&5
configure:2517: $? = 0
configure:2521: test -z 
			 || test ! -s conftest.err
configure:2524: $? = 0
configure:2527: test -s conftest.o
configure:2530: $? = 0
configure:2543: result: yes
configure:2549: checking whether ccache gcc accepts -g
configure:2570: ccache gcc -c -g  conftest.c >&5
configure:2576: $? = 0
configure:2580: test -z 
			 || test ! -s conftest.err
configure:2583: $? = 0
configure:2586: test -s conftest.o
configure:2589: $? = 0
configure:2600: result: yes
configure:2617: checking for ccache gcc option to accept ANSI C
configure:2687: ccache gcc  -c -g -O2  conftest.c >&5
configure:2693: $? = 0
configure:2697: test -z 
			 || test ! -s conftest.err
configure:2700: $? = 0
configure:2703: test -s conftest.o
configure:2706: $? = 0
configure:2724: result: none needed
configure:2742: ccache gcc -c -g -O2  conftest.c >&5
conftest.c:2: error: expected '=', ',', ';', 'asm' or '__attribute__' before 'me'
configure:2748: $? = 1
configure: failed program was:
| #ifndef __cplusplus
|   choke me
| #endif
configure:2892: checking for style of include used by make
configure:2920: result: GNU
configure:2948: checking dependency style of ccache gcc
configure:3038: result: gcc3
configure:3149: checking for C++ compiler version
configure:3152: ccache g++ --version </dev/null >&5
g++ (GCC) 4.1.1 20060525 (Red Hat 4.1.1-1)
Copyright (C) 2006 Free Software Foundation, Inc.
This is free software; see the source for copying conditions.  There is NO
warranty; not even for MERCHANTABILITY or FITNESS FOR A PARTICULAR PURPOSE.

configure:3155: $? = 0
configure:3157: ccache g++ -v </dev/null >&5
Using built-in specs.
Target: i386-redhat-linux
Configured with: ../configure --prefix=/usr --mandir=/usr/share/man --infodir=/usr/share/info --enable-shared --enable-threads=posix --enable-checking=release --with-system-zlib --enable-__cxa_atexit --disable-libunwind-exceptions --enable-libgcj-multifile --enable-languages=c,c++,objc,obj-c++,java,fortran,ada --enable-java-awt=gtk --disable-dssi --with-java-home=/usr/lib/jvm/java-1.4.2-gcj-1.4.2.0/jre --with-cpu=generic --host=i386-redhat-linux
Thread model: posix
gcc version 4.1.1 20060525 (Red Hat 4.1.1-1)
configure:3160: $? = 0
configure:3162: ccache g++ -V </dev/null >&5
g++: '-V' option must have argument
configure:3165: $? = 1
configure:3168: checking whether we are using the GNU C++ compiler
configure:3192: ccache g++ -c   conftest.cc >&5
configure:3198: $? = 0
configure:3202: test -z 
			 || test ! -s conftest.err
configure:3205: $? = 0
configure:3208: test -s conftest.o
configure:3211: $? = 0
configure:3224: result: yes
configure:3230: checking whether ccache g++ accepts -g
configure:3251: ccache g++ -c -g  conftest.cc >&5
configure:3257: $? = 0
configure:3261: test -z 
			 || test ! -s conftest.err
configure:3264: $? = 0
configure:3267: test -s conftest.o
configure:3270: $? = 0
configure:3281: result: yes
configure:3323: ccache g++ -c -g -O2  conftest.cc >&5
configure:3329: $? = 0
configure:3333: test -z 
			 || test ! -s conftest.err
configure:3336: $? = 0
configure:3339: test -s conftest.o
configure:3342: $? = 0
configure:3368: ccache g++ -c -g -O2  conftest.cc >&5
conftest.cc: In function 'int main()':
conftest.cc:15: error: 'exit' was not declared in this scope
configure:3374: $? = 1
configure: failed program was:
| /* confdefs.h.  */
| 
| #define PACKAGE_NAME ""
| #define PACKAGE_TARNAME ""
| #define PACKAGE_VERSION ""
| #define PACKAGE_STRING ""
| #define PACKAGE_BUGREPORT ""
| #define PACKAGE "mudmagic"
| #define VERSION "1.9"
| /* end confdefs.h.  */
| 
| int
| main ()
| {
| exit (42);
|   ;
|   return 0;
| }
configure:3323: ccache g++ -c -g -O2  conftest.cc >&5
configure:3329: $? = 0
configure:3333: test -z 
			 || test ! -s conftest.err
configure:3336: $? = 0
configure:3339: test -s conftest.o
configure:3342: $? = 0
configure:3368: ccache g++ -c -g -O2  conftest.cc >&5
configure:3374: $? = 0
configure:3378: test -z 
			 || test ! -s conftest.err
configure:3381: $? = 0
configure:3384: test -s conftest.o
configure:3387: $? = 0
configure:3412: checking dependency style of ccache g++
configure:3502: result: gcc3
configure:3603: checking build system type
configure:3621: result: i686-pc-linux-gnu
configure:3629: checking host system type
configure:3643: result: i686-pc-linux-gnu
configure:3651: checking for a sed that does not truncate output
configure:3705: result: /bin/sed
configure:3708: checking for egrep
configure:3718: result: grep -E
configure:3734: checking for ld used by ccache gcc
configure:3801: result: /usr/bin/ld
configure:3810: checking if the linker (/usr/bin/ld) is GNU ld
configure:3825: result: yes
configure:3830: checking for /usr/bin/ld option to reload object files
configure:3837: result: -r
configure:3855: checking for BSD-compatible nm
configure:3904: result: /usr/bin/nm -B
configure:3908: checking whether ln -s works
configure:3912: result: yes
configure:3919: checking how to recognise dependent libraries
configure:4095: result: pass_all
configure:4332: checking how to run the C preprocessor
configure:4367: ccache gcc -E  conftest.c
configure:4373: $? = 0
configure:4405: ccache gcc -E  conftest.c
conftest.c:14:28: error: ac_nonexistent.h: No such file or directory
configure:4411: $? = 1
configure: failed program was:
| /* confdefs.h.  */
| 
| #define PACKAGE_NAME ""
| #define PACKAGE_TARNAME ""
| #define PACKAGE_VERSION ""
| #define PACKAGE_STRING ""
| #define PACKAGE_BUGREPORT ""
| #define PACKAGE "mudmagic"
| #define VERSION "1.9"
| #ifdef __cplusplus
| extern "C" void std::exit (int) throw (); using std::exit;
| #endif
| /* end confdefs.h.  */
| #include <ac_nonexistent.h>
configure:4450: result: ccache gcc -E
configure:4474: ccache gcc -E  conftest.c
configure:4480: $? = 0
configure:4512: ccache gcc -E  conftest.c
conftest.c:14:28: error: ac_nonexistent.h: No such file or directory
configure:4518: $? = 1
configure: failed program was:
| /* confdefs.h.  */
| 
| #define PACKAGE_NAME ""
| #define PACKAGE_TARNAME ""
| #define PACKAGE_VERSION ""
| #define PACKAGE_STRING ""
| #define PACKAGE_BUGREPORT ""
| #define PACKAGE "mudmagic"
| #define VERSION "1.9"
| #ifdef __cplusplus
| extern "C" void std::exit (int) throw (); using std::exit;
| #endif
| /* end confdefs.h.  */
| #include <ac_nonexistent.h>
configure:4562: checking for ANSI C header files
configure:4587: ccache gcc -c -g -O2  conftest.c >&5
configure:4593: $? = 0
configure:4597: test -z 
			 || test ! -s conftest.err
configure:4600: $? = 0
configure:4603: test -s conftest.o
configure:4606: $? = 0
configure:4695: ccache gcc -o conftest -g -O2   conftest.c  >&5
conftest.c: In function 'main':
conftest.c:31: warning: incompatible implicit declaration of built-in function 'exit'
configure:4698: $? = 0
configure:4700: ./conftest
configure:4703: $? = 0
configure:4718: result: yes
configure:4742: checking for sys/types.h
configure:4758: ccache gcc -c -g -O2  conftest.c >&5
configure:4764: $? = 0
configure:4768: test -z 
			 || test ! -s conftest.err
configure:4771: $? = 0
configure:4774: test -s conftest.o
configure:4777: $? = 0
configure:4788: result: yes
configure:4742: checking for sys/stat.h
configure:4758: ccache gcc -c -g -O2  conftest.c >&5
configure:4764: $? = 0
configure:4768: test -z 
			 || test ! -s conftest.err
configure:4771: $? = 0
configure:4774: test -s conftest.o
configure:4777: $? = 0
configure:4788: result: yes
configure:4742: checking for stdlib.h
configure:4758: ccache gcc -c -g -O2  conftest.c >&5
configure:4764: $? = 0
configure:4768: test -z 
			 || test ! -s conftest.err
configure:4771: $? = 0
configure:4774: test -s conftest.o
configure:4777: $? = 0
configure:4788: result: yes
configure:4742: checking for string.h
configure:4758: ccache gcc -c -g -O2  conftest.c >&5
configure:4764: $? = 0
configure:4768: test -z 
			 || test ! -s conftest.err
configure:4771: $? = 0
configure:4774: test -s conftest.o
configure:4777: $? = 0
configure:4788: result: yes
configure:4742: checking for memory.h
configure:4758: ccache gcc -c -g -O2  conftest.c >&5
configure:4764: $? = 0
configure:4768: test -z 
			 || test ! -s conftest.err
configure:4771: $? = 0
configure:4774: test -s conftest.o
configure:4777: $? = 0
configure:4788: result: yes
configure:4742: checking for strings.h
configure:4758: ccache gcc -c -g -O2  conftest.c >&5
configure:4764: $? = 0
configure:4768: test -z 
			 || test ! -s conftest.err
configure:4771: $? = 0
configure:4774: test -s conftest.o
configure:4777: $? = 0
configure:4788: result: yes
configure:4742: checking for inttypes.h
configure:4758: ccache gcc -c -g -O2  conftest.c >&5
configure:4764: $? = 0
configure:4768: test -z 
			 || test ! -s conftest.err
configure:4771: $? = 0
configure:4774: test -s conftest.o
configure:4777: $? = 0
configure:4788: result: yes
configure:4742: checking for stdint.h
configure:4758: ccache gcc -c -g -O2  conftest.c >&5
configure:4764: $? = 0
configure:4768: test -z 
			 || test ! -s conftest.err
configure:4771: $? = 0
configure:4774: test -s conftest.o
configure:4777: $? = 0
configure:4788: result: yes
configure:4742: checking for unistd.h
configure:4758: ccache gcc -c -g -O2  conftest.c >&5
configure:4764: $? = 0
configure:4768: test -z 
			 || test ! -s conftest.err
configure:4771: $? = 0
configure:4774: test -s conftest.o
configure:4777: $? = 0
configure:4788: result: yes
configure:4814: checking dlfcn.h usability
configure:4826: ccache gcc -c -g -O2  conftest.c >&5
configure:4832: $? = 0
configure:4836: test -z 
			 || test ! -s conftest.err
configure:4839: $? = 0
configure:4842: test -s conftest.o
configure:4845: $? = 0
configure:4855: result: yes
configure:4859: checking dlfcn.h presence
configure:4869: ccache gcc -E  conftest.c
configure:4875: $? = 0
configure:4895: result: yes
configure:4930: checking for dlfcn.h
configure:4937: result: yes
configure:4960: checking how to run the C++ preprocessor
configure:4991: ccache g++ -E  conftest.cc
configure:4997: $? = 0
configure:5029: ccache g++ -E  conftest.cc
conftest.cc:25:28: error: ac_nonexistent.h: No such file or directory
configure:5035: $? = 1
configure: failed program was:
| /* confdefs.h.  */
| 
| #define PACKAGE_NAME ""
| #define PACKAGE_TARNAME ""
| #define PACKAGE_VERSION ""
| #define PACKAGE_STRING ""
| #define PACKAGE_BUGREPORT ""
| #define PACKAGE "mudmagic"
| #define VERSION "1.9"
| #ifdef __cplusplus
| extern "C" void std::exit (int) throw (); using std::exit;
| #endif
| #define STDC_HEADERS 1
| #define HAVE_SYS_TYPES_H 1
| #define HAVE_SYS_STAT_H 1
| #define HAVE_STDLIB_H 1
| #define HAVE_STRING_H 1
| #define HAVE_MEMORY_H 1
| #define HAVE_STRINGS_H 1
| #define HAVE_INTTYPES_H 1
| #define HAVE_STDINT_H 1
| #define HAVE_UNISTD_H 1
| #define HAVE_DLFCN_H 1
| /* end confdefs.h.  */
| #include <ac_nonexistent.h>
configure:5074: result: ccache g++ -E
configure:5098: ccache g++ -E  conftest.cc
configure:5104: $? = 0
configure:5136: ccache g++ -E  conftest.cc
conftest.cc:25:28: error: ac_nonexistent.h: No such file or directory
configure:5142: $? = 1
configure: failed program was:
| /* confdefs.h.  */
| 
| #define PACKAGE_NAME ""
| #define PACKAGE_TARNAME ""
| #define PACKAGE_VERSION ""
| #define PACKAGE_STRING ""
| #define PACKAGE_BUGREPORT ""
| #define PACKAGE "mudmagic"
| #define VERSION "1.9"
| #ifdef __cplusplus
| extern "C" void std::exit (int) throw (); using std::exit;
| #endif
| #define STDC_HEADERS 1
| #define HAVE_SYS_TYPES_H 1
| #define HAVE_SYS_STAT_H 1
| #define HAVE_STDLIB_H 1
| #define HAVE_STRING_H 1
| #define HAVE_MEMORY_H 1
| #define HAVE_STRINGS_H 1
| #define HAVE_INTTYPES_H 1
| #define HAVE_STDINT_H 1
| #define HAVE_UNISTD_H 1
| #define HAVE_DLFCN_H 1
| /* end confdefs.h.  */
| #include <ac_nonexistent.h>
configure:5239: checking for g77
configure:5268: result: no
configure:5239: checking for f77
configure:5268: result: no
configure:5239: checking for xlf
configure:5268: result: no
configure:5239: checking for frt
configure:5268: result: no
configure:5239: checking for pgf77
configure:5268: result: no
configure:5239: checking for fort77
configure:5268: result: no
configure:5239: checking for fl32
configure:5268: result: no
configure:5239: checking for af77
configure:5268: result: no
configure:5239: checking for f90
configure:5268: result: no
configure:5239: checking for xlf90
configure:5268: result: no
configure:5239: checking for pgf90
configure:5268: result: no
configure:5239: checking for epcf90
configure:5268: result: no
configure:5239: checking for f95
configure:5255: found /usr/bin/f95
configure:5265: result: f95
configure:5280: checking for Fortran 77 compiler version
configure:5283: f95 --version </dev/null >&5
GNU Fortran 95 (GCC) 4.1.1 20060525 (Red Hat 4.1.1-1)
Copyright (C) 2006 Free Software Foundation, Inc.

GNU Fortran comes with NO WARRANTY, to the extent permitted by law.
You may redistribute copies of GNU Fortran
under the terms of the GNU General Public License.
For more information about these matters, see the file named COPYING

configure:5286: $? = 0
configure:5288: f95 -v </dev/null >&5
Using built-in specs.
Target: i386-redhat-linux
Configured with: ../configure --prefix=/usr --mandir=/usr/share/man --infodir=/usr/share/info --enable-shared --enable-threads=posix --enable-checking=release --with-system-zlib --enable-__cxa_atexit --disable-libunwind-exceptions --enable-libgcj-multifile --enable-languages=c,c++,objc,obj-c++,java,fortran,ada --enable-java-awt=gtk --disable-dssi --with-java-home=/usr/lib/jvm/java-1.4.2-gcj-1.4.2.0/jre --with-cpu=generic --host=i386-redhat-linux
Thread model: posix
gcc version 4.1.1 20060525 (Red Hat 4.1.1-1)
configure:5291: $? = 0
configure:5293: f95 -V </dev/null >&5
f95: '-V' option must have argument
configure:5296: $? = 1
configure:5304: checking whether we are using the GNU Fortran 77 compiler
configure:5318: f95 -c  conftest.F >&5
configure:5324: $? = 0
configure:5328: test -z 
			 || test ! -s conftest.err
configure:5331: $? = 0
configure:5334: test -s conftest.o
configure:5337: $? = 0
configure:5350: result: yes
configure:5356: checking whether f95 accepts -g
configure:5368: f95 -c -g conftest.f >&5
configure:5374: $? = 0
configure:5378: test -z 
			 || test ! -s conftest.err
configure:5381: $? = 0
configure:5384: test -s conftest.o
configure:5387: $? = 0
configure:5399: result: yes
configure:5429: checking the maximum length of command line arguments
configure:5538: result: 32768
configure:5549: checking command to parse /usr/bin/nm -B output from ccache gcc object
configure:5654: ccache g++ -c -g -O2  conftest.cc >&5
configure:5657: $? = 0
configure:5661: /usr/bin/nm -B conftest.o \| sed -n -e 's/^.*[ 	]\([ABCDGIRSTW][ABCDGIRSTW]*\)[ 	][ 	]*\([_A-Za-z][_A-Za-z0-9]*\)$/\1 \2 \2/p' \> conftest.nm
configure:5664: $? = 0
configure:5716: ccache g++ -o conftest -g -O2   conftest.cc conftstm.o >&5
configure:5719: $? = 0
configure:5757: result: ok
configure:5761: checking for objdir
configure:5776: result: .libs
configure:5866: checking for ar
configure:5882: found /usr/bin/ar
configure:5893: result: ar
configure:5946: checking for ranlib
configure:5962: found /usr/bin/ranlib
configure:5973: result: ranlib
configure:6026: checking for strip
configure:6042: found /usr/bin/strip
configure:6053: result: strip
configure:6325: checking if ccache gcc supports -fno-rtti -fno-exceptions
configure:6343: ccache gcc -c -g -O2  -fno-rtti -fno-exceptions conftest.c >&5
cc1: warning: command line option "-fno-rtti" is valid for C++/ObjC++ but not for C
cc1: warning: command line option "-fno-rtti" is valid for C++/ObjC++ but not for C
configure:6347: $? = 0
configure:6360: result: no
configure:6375: checking for ccache gcc option to produce PIC
configure:6585: result: -fPIC
configure:6593: checking if ccache gcc PIC flag -fPIC works
configure:6611: ccache gcc -c -g -O2  -fPIC -DPIC conftest.c >&5
configure:6615: $? = 0
configure:6628: result: yes
configure:6656: checking if ccache gcc static flag -static works
configure:6684: result: yes
configure:6694: checking if ccache gcc supports -c -o file.o
configure:6715: ccache gcc -c -g -O2  -o out/conftest2.o conftest.c >&5
configure:6719: $? = 0
configure:6741: result: yes
configure:6767: checking whether the ccache gcc linker (/usr/bin/ld) supports shared libraries
configure:7725: result: yes
configure:7746: checking whether -lc should be explicitly linked in
configure:7751: ccache gcc -c -g -O2  conftest.c >&5
configure:7754: $? = 0
configure:7769: ccache gcc -shared conftest.o  -v -Wl,-soname -Wl,conftest -o conftest 2\>\&1 \| grep  -lc  \>/dev/null 2\>\&1
configure:7772: $? = 0
configure:7784: result: no
configure:7792: checking dynamic linker characteristics
configure:8401: result: GNU/Linux ld.so
configure:8410: checking how to hardcode library paths into programs
configure:8435: result: immediate
configure:8449: checking whether stripping libraries is possible
configure:8454: result: yes
configure:9288: checking if libtool supports shared libraries
configure:9290: result: yes
configure:9293: checking whether to build shared libraries
configure:9314: result: yes
configure:9317: checking whether to build static libraries
configure:9321: result: yes
configure:9413: creating libtool
configure:10001: checking for ld used by ccache g++
configure:10068: result: /usr/bin/ld
configure:10077: checking if the linker (/usr/bin/ld) is GNU ld
configure:10092: result: yes
configure:10143: checking whether the ccache g++ linker (/usr/bin/ld) supports shared libraries
configure:11081: result: yes
configure:11099: ccache g++ -c -g -O2  conftest.cpp >&5
configure:11102: $? = 0
configure:11221: checking for ccache g++ option to produce PIC
configure:11495: result: -fPIC
configure:11503: checking if ccache g++ PIC flag -fPIC works
configure:11521: ccache g++ -c -g -O2  -fPIC -DPIC conftest.cpp >&5
configure:11525: $? = 0
configure:11538: result: yes
configure:11566: checking if ccache g++ static flag -static works
configure:11594: result: yes
configure:11604: checking if ccache g++ supports -c -o file.o
configure:11625: ccache g++ -c -g -O2  -o out/conftest2.o conftest.cpp >&5
configure:11629: $? = 0
configure:11651: result: yes
configure:11677: checking whether the ccache g++ linker (/usr/bin/ld) supports shared libraries
configure:11702: result: yes
configure:11769: checking dynamic linker characteristics
configure:12378: result: GNU/Linux ld.so
configure:12387: checking how to hardcode library paths into programs
configure:12412: result: immediate
configure:12938: checking if libtool supports shared libraries
configure:12940: result: yes
configure:12943: checking whether to build shared libraries
configure:12963: result: yes
configure:12966: checking whether to build static libraries
configure:12970: result: yes
configure:12980: checking for f95 option to produce PIC
configure:13190: result: -fPIC
configure:13198: checking if f95 PIC flag -fPIC works
configure:13216: f95 -c -g -O2 -fPIC conftest.f >&5
configure:13220: $? = 0
configure:13233: result: yes
configure:13261: checking if f95 static flag -static works
configure:13289: result: yes
configure:13299: checking if f95 supports -c -o file.o
configure:13320: f95 -c -g -O2 -o out/conftest2.o conftest.f >&5
configure:13324: $? = 0
configure:13346: result: yes
configure:13372: checking whether the f95 linker (/usr/bin/ld) supports shared libraries
configure:14310: result: yes
configure:14377: checking dynamic linker characteristics
configure:14986: result: GNU/Linux ld.so
configure:14995: checking how to hardcode library paths into programs
configure:15020: result: immediate
configure:18669: checking for gtk+ 2.8 API
configure:18673: result: found
configure:18768: result: python Python 2.4.3
configure:18771: checking for pthread_create in -lpthread
configure:18801: ccache g++ -o conftest -g -O2   conftest.cc -lpthread   >&5
configure:18807: $? = 0
configure:18811: test -z 
			 || test ! -s conftest.err
configure:18814: $? = 0
configure:18817: test -s conftest
configure:18820: $? = 0
configure:18833: result: yes
configure:18845: checking for openpty in -lutil
configure:18875: ccache g++ -o conftest -g -O2   conftest.cc -lutil  -lpthread  >&5
configure:18881: $? = 0
configure:18885: test -z 
			 || test ! -s conftest.err
configure:18888: $? = 0
configure:18891: test -s conftest
configure:18894: $? = 0
configure:18907: result: yes
configure:18919: checking for dbopen in -ldb
configure:18949: ccache g++ -o conftest -g -O2   conftest.cc -ldb  -lutil -lpthread  >&5
/tmp/ccQTsJ3f.o: In function `main':
/home/kyndig/mudmagic_client/conftest.cc:38: undefined reference to `dbopen'
collect2: ld returned 1 exit status
configure:18955: $? = 1
configure: failed program was:
| /* confdefs.h.  */
| 
| #define PACKAGE_NAME ""
| #define PACKAGE_TARNAME ""
| #define PACKAGE_VERSION ""
| #define PACKAGE_STRING ""
| #define PACKAGE_BUGREPORT ""
| #define PACKAGE "mudmagic"
| #define VERSION "1.9"
| #ifdef __cplusplus
| extern "C" void std::exit (int) throw (); using std::exit;
| #endif
| #define STDC_HEADERS 1
| #define HAVE_SYS_TYPES_H 1
| #define HAVE_SYS_STAT_H 1
| #define HAVE_STDLIB_H 1
| #define HAVE_STRING_H 1
| #define HAVE_MEMORY_H 1
| #define HAVE_STRINGS_H 1
| #define HAVE_INTTYPES_H 1
| #define HAVE_STDINT_H 1
| #define HAVE_UNISTD_H 1
| #define HAVE_DLFCN_H 1
| #define HAVE_LIBPTHREAD 1
| #define HAVE_LIBUTIL 1
| /* end confdefs.h.  */
| 
| /* Override any gcc2 internal prototype to avoid an error.  */
| #ifdef __cplusplus
| extern "C"
| #endif
| /* We use char because int might match the return type of a gcc2
|    builtin and then its argument prototype would still apply.  */
| char dbopen ();
| int
| main ()
| {
| dbopen ();
|   ;
|   return 0;
| }
configure:18981: result: no
configure:19012: checking sqlite3.h usability
configure:19024: ccache g++ -c -g -O2  conftest.cc >&5
configure:19030: $? = 0
configure:19034: test -z 
			 || test ! -s conftest.err
configure:19037: $? = 0
configure:19040: test -s conftest.o
configure:19043: $? = 0
configure:19053: result: yes
configure:19057: checking sqlite3.h presence
configure:19067: ccache g++ -E  conftest.cc
configure:19073: $? = 0
configure:19093: result: yes
configure:19128: checking for sqlite3.h
configure:19135: result: yes
configure:19290: checking zlib.h usability
configure:19302: ccache g++ -c -g -O2  conftest.cc >&5
configure:19308: $? = 0
configure:19312: test -z 
			 || test ! -s conftest.err
configure:19315: $? = 0
configure:19318: test -s conftest.o
configure:19321: $? = 0
configure:19331: result: yes
configure:19335: checking zlib.h presence
configure:19345: ccache g++ -E  conftest.cc
configure:19351: $? = 0
configure:19371: result: yes
configure:19406: checking for zlib.h
configure:19413: result: yes
configure:19477: checking pcre.h usability
configure:19489: ccache g++ -c -g -O2  conftest.cc >&5
configure:19495: $? = 0
configure:19499: test -z 
			 || test ! -s conftest.err
configure:19502: $? = 0
configure:19505: test -s conftest.o
configure:19508: $? = 0
configure:19518: result: yes
configure:19522: checking pcre.h presence
configure:19532: ccache g++ -E  conftest.cc
configure:19538: $? = 0
configure:19558: result: yes
configure:19593: checking for pcre.h
configure:19600: result: yes
configure:19650: checking for mxpCreateHandler in -lmxp
configure:19680: ccache g++ -o conftest -g -O2   conftest.cc -lmxp  -lutil -lpthread  >&5
/usr/bin/ld: cannot find -lmxp
collect2: ld returned 1 exit status
configure:19686: $? = 1
configure: failed program was:
| /* confdefs.h.  */
| 
| #define PACKAGE_NAME ""
| #define PACKAGE_TARNAME ""
| #define PACKAGE_VERSION ""
| #define PACKAGE_STRING ""
| #define PACKAGE_BUGREPORT ""
| #define PACKAGE "mudmagic"
| #define VERSION "1.9"
| #ifdef __cplusplus
| extern "C" void std::exit (int) throw (); using std::exit;
| #endif
| #define STDC_HEADERS 1
| #define HAVE_SYS_TYPES_H 1
| #define HAVE_SYS_STAT_H 1
| #define HAVE_STDLIB_H 1
| #define HAVE_STRING_H 1
| #define HAVE_MEMORY_H 1
| #define HAVE_STRINGS_H 1
| #define HAVE_INTTYPES_H 1
| #define HAVE_STDINT_H 1
| #define HAVE_UNISTD_H 1
| #define HAVE_DLFCN_H 1
| #define HAVE_LIBPTHREAD 1
| #define HAVE_LIBUTIL 1
| #define HAVE_SQLITE3_H 1
| #define HAVE_ZLIB_H 1
| #define HAVE_PCRE_H 1
| /* end confdefs.h.  */
| 
| /* Override any gcc2 internal prototype to avoid an error.  */
| #ifdef __cplusplus
| extern "C"
| #endif
| /* We use char because int might match the return type of a gcc2
|    builtin and then its argument prototype would still apply.  */
| char mxpCreateHandler ();
| int
| main ()
| {
| mxpCreateHandler ();
|   ;
|   return 0;
| }
configure:19712: result: no
conftest.cc:30:23: error: curl/curl.h: No such file or directory
configure:19815: checking for main in -lgthread-2.0
configure:19840: ccache g++ -o conftest -g -O2   conftest.cc -lgthread-2.0 -pthread -lgthread-2.0 -lglib-2.0  
 -lutil -lpthread  >&5
configure:19846: $? = 0
configure:19850: test -z 
			 || test ! -s conftest.err
configure:19853: $? = 0
configure:19856: test -s conftest
configure:19859: $? = 0
configure:19872: result: yes
configure:19887: checking for ANSI C header files
configure:20043: result: yes
configure:20073: checking arpa/inet.h usability
configure:20085: ccache g++ -c -g -O2  conftest.cc >&5
configure:20091: $? = 0
configure:20095: test -z 
			 || test ! -s conftest.err
configure:20098: $? = 0
configure:20101: test -s conftest.o
configure:20104: $? = 0
configure:20114: result: yes
configure:20118: checking arpa/inet.h presence
configure:20128: ccache g++ -E  conftest.cc
configure:20134: $? = 0
configure:20154: result: yes
configure:20189: checking for arpa/inet.h
configure:20196: result: yes
configure:20073: checking netdb.h usability
configure:20085: ccache g++ -c -g -O2  conftest.cc >&5
configure:20091: $? = 0
configure:20095: test -z 
			 || test ! -s conftest.err
configure:20098: $? = 0
configure:20101: test -s conftest.o
configure:20104: $? = 0
configure:20114: result: yes
configure:20118: checking netdb.h presence
configure:20128: ccache g++ -E  conftest.cc
configure:20134: $? = 0
configure:20154: result: yes
configure:20189: checking for netdb.h
configure:20196: result: yes
configure:20073: checking netinet/in.h usability
configure:20085: ccache g++ -c -g -O2  conftest.cc >&5
configure:20091: $? = 0
configure:20095: test -z 
			 || test ! -s conftest.err
configure:20098: $? = 0
configure:20101: test -s conftest.o
configure:20104: $? = 0
configure:20114: result: yes
configure:20118: checking netinet/in.h presence
configure:20128: ccache g++ -E  conftest.cc
configure:20134: $? = 0
configure:20154: result: yes
configure:20189: checking for netinet/in.h
configure:20196: result: yes
configure:20064: checking for stdlib.h
configure:20069: result: yes
configure:20064: checking for string.h
configure:20069: result: yes
configure:20073: checking sys/socket.h usability
configure:20085: ccache g++ -c -g -O2  conftest.cc >&5
configure:20091: $? = 0
configure:20095: test -z 
			 || test ! -s conftest.err
configure:20098: $? = 0
configure:20101: test -s conftest.o
configure:20104: $? = 0
configure:20114: result: yes
configure:20118: checking sys/socket.h presence
configure:20128: ccache g++ -E  conftest.cc
configure:20134: $? = 0
configure:20154: result: yes
configure:20189: checking for sys/socket.h
configure:20196: result: yes
configure:20064: checking for unistd.h
configure:20069: result: yes
configure:20211: checking for an ANSI C-conforming const
configure:20278: ccache g++ -c -g -O2  conftest.cc >&5
configure:20284: $? = 0
configure:20288: test -z 
			 || test ! -s conftest.err
configure:20291: $? = 0
configure:20294: test -s conftest.o
configure:20297: $? = 0
configure:20308: result: yes
configure:20324: checking for strftime
configure:20381: ccache g++ -o conftest -g -O2   conftest.cc -lgthread-2.0 -lutil -lpthread  >&5
configure:20387: $? = 0
configure:20391: test -z 
			 || test ! -s conftest.err
configure:20394: $? = 0
configure:20397: test -s conftest
configure:20400: $? = 0
configure:20412: result: yes
configure:20504: checking for gethostbyname
configure:20561: ccache g++ -o conftest -g -O2   conftest.cc -lgthread-2.0 -lutil -lpthread  >&5
configure:20567: $? = 0
configure:20571: test -z 
			 || test ! -s conftest.err
configure:20574: $? = 0
configure:20577: test -s conftest
configure:20580: $? = 0
configure:20592: result: yes
configure:20504: checking for memset
configure:20561: ccache g++ -o conftest -g -O2   conftest.cc -lgthread-2.0 -lutil -lpthread  >&5
configure:20567: $? = 0
configure:20571: test -z 
			 || test ! -s conftest.err
configure:20574: $? = 0
configure:20577: test -s conftest
configure:20580: $? = 0
configure:20592: result: yes
configure:20504: checking for mkdir
configure:20561: ccache g++ -o conftest -g -O2   conftest.cc -lgthread-2.0 -lutil -lpthread  >&5
configure:20567: $? = 0
configure:20571: test -z 
			 || test ! -s conftest.err
configure:20574: $? = 0
configure:20577: test -s conftest
configure:20580: $? = 0
configure:20592: result: yes
configure:20504: checking for socket
configure:20561: ccache g++ -o conftest -g -O2   conftest.cc -lgthread-2.0 -lutil -lpthread  >&5
configure:20567: $? = 0
configure:20571: test -z 
			 || test ! -s conftest.err
configure:20574: $? = 0
configure:20577: test -s conftest
configure:20580: $? = 0
configure:20592: result: yes
configure:20504: checking for strchr
configure:20561: ccache g++ -o conftest -g -O2   conftest.cc -lgthread-2.0 -lutil -lpthread  >&5
configure:20567: $? = 0
configure:20571: test -z 
			 || test ! -s conftest.err
configure:20574: $? = 0
configure:20577: test -s conftest
configure:20580: $? = 0
configure:20592: result: yes
configure:20861: creating ./config.status

## ---------------------- ##
## Running config.status. ##
## ---------------------- ##

This file was extended by config.status, which was
generated by GNU Autoconf 2.59.  Invocation command line was

  CONFIG_FILES    = 
  CONFIG_HEADERS  = 
  CONFIG_LINKS    = 
  CONFIG_COMMANDS = 
  $ ./config.status 

on localhost.localdomain

config.status:774: creating Makefile
config.status:774: creating bundled/Makefile
config.status:774: creating src/Makefile
config.status:774: creating doc/Makefile
config.status:774: creating doc/man/Makefile
config.status:774: creating interface/Makefile
config.status:774: creating mudmagic
config.status:774: creating mudmagic.pc
config.status:774: creating mudmagic.spec
config.status:878: creating config.h
config.status:1215: executing depfiles commands
config.status:1215: executing default commands

## ---------------- ##
## Cache variables. ##
## ---------------- ##

ac_cv_build=i686-pc-linux-gnu
ac_cv_build_alias=i686-pc-linux-gnu
ac_cv_c_compiler_gnu=yes
ac_cv_c_const=yes
ac_cv_cxx_compiler_gnu=yes
ac_cv_env_CC_set=set
ac_cv_env_CC_value='ccache gcc'
ac_cv_env_CFLAGS_set=
ac_cv_env_CFLAGS_value=
ac_cv_env_CPPFLAGS_set=
ac_cv_env_CPPFLAGS_value=
ac_cv_env_CPP_set=
ac_cv_env_CPP_value=
ac_cv_env_CXXCPP_set=
ac_cv_env_CXXCPP_value=
ac_cv_env_CXXFLAGS_set=
ac_cv_env_CXXFLAGS_value=
ac_cv_env_CXX_set=set
ac_cv_env_CXX_value='ccache g++'
ac_cv_env_F77_set=
ac_cv_env_F77_value=
ac_cv_env_FFLAGS_set=
ac_cv_env_FFLAGS_value=
ac_cv_env_LDFLAGS_set=
ac_cv_env_LDFLAGS_value=
ac_cv_env_build_alias_set=
ac_cv_env_build_alias_value=
ac_cv_env_host_alias_set=
ac_cv_env_host_alias_value=
ac_cv_env_target_alias_set=
ac_cv_env_target_alias_value=
ac_cv_exeext=
ac_cv_f77_compiler_gnu=yes
ac_cv_func_gethostbyname=yes
ac_cv_func_memset=yes
ac_cv_func_mkdir=yes
ac_cv_func_socket=yes
ac_cv_func_strchr=yes
ac_cv_func_strftime=yes
ac_cv_header_arpa_inet_h=yes
ac_cv_header_dlfcn_h=yes
ac_cv_header_inttypes_h=yes
ac_cv_header_memory_h=yes
ac_cv_header_netdb_h=yes
ac_cv_header_netinet_in_h=yes
ac_cv_header_pcre_h=yes
ac_cv_header_sqlite3_h=yes
ac_cv_header_stdc=yes
ac_cv_header_stdint_h=yes
ac_cv_header_stdlib_h=yes
ac_cv_header_string_h=yes
ac_cv_header_strings_h=yes
ac_cv_header_sys_socket_h=yes
ac_cv_header_sys_stat_h=yes
ac_cv_header_sys_types_h=yes
ac_cv_header_unistd_h=yes
ac_cv_header_zlib_h=yes
ac_cv_host=i686-pc-linux-gnu
ac_cv_host_alias=i686-pc-linux-gnu
ac_cv_lib_db_dbopen=no
ac_cv_lib_gthread_2_0_main=yes
ac_cv_lib_mxp_mxpCreateHandler=no
ac_cv_lib_pthread_pthread_create=yes
ac_cv_lib_util_openpty=yes
ac_cv_objext=o
ac_cv_path_install='/usr/bin/install -c'
ac_cv_prog_AWK=gawk
ac_cv_prog_CPP='ccache gcc -E'
ac_cv_prog_CXXCPP='ccache g++ -E'
ac_cv_prog_ac_ct_AR=ar
ac_cv_prog_ac_ct_CC='ccache gcc'
ac_cv_prog_ac_ct_F77=f95
ac_cv_prog_ac_ct_RANLIB=ranlib
ac_cv_prog_ac_ct_STRIP=strip
ac_cv_prog_cc_g=yes
ac_cv_prog_cc_stdc=
ac_cv_prog_cxx_g=yes
ac_cv_prog_egrep='grep -E'
ac_cv_prog_f77_g=yes
ac_cv_prog_make_make_set=yes
am_cv_CC_dependencies_compiler_type=gcc3
am_cv_CXX_dependencies_compiler_type=gcc3
lt_cv_deplibs_check_method=pass_all
lt_cv_file_magic_cmd='$MAGIC_CMD'
lt_cv_file_magic_test_file=
lt_cv_ld_reload_flag=-r
lt_cv_objdir=.libs
lt_cv_path_LD=/usr/bin/ld
lt_cv_path_LDCXX=/usr/bin/ld
lt_cv_path_NM='/usr/bin/nm -B'
lt_cv_path_SED=/bin/sed
lt_cv_prog_compiler_c_o=yes
lt_cv_prog_compiler_c_o_CXX=yes
lt_cv_prog_compiler_c_o_F77=yes
lt_cv_prog_compiler_rtti_exceptions=no
lt_cv_prog_gnu_ld=yes
lt_cv_prog_gnu_ldcxx=yes
lt_cv_sys_global_symbol_pipe='sed -n -e '\''s/^.*[ 	]\([ABCDGIRSTW][ABCDGIRSTW]*\)[ 	][ 	]*\([_A-Za-z][_A-Za-z0-9]*\)$/\1 \2 \2/p'\'''
lt_cv_sys_global_symbol_to_c_name_address='sed -n -e '\''s/^: \([^ ]*\) $/  {\"\1\", (lt_ptr) 0},/p'\'' -e '\''s/^[BCDEGRST] \([^ ]*\) \([^ ]*\)$/  {"\2", (lt_ptr) \&\2},/p'\'''
lt_cv_sys_global_symbol_to_cdecl='sed -n -e '\''s/^. .* \(.*\)$/extern int \1;/p'\'''
lt_cv_sys_max_cmd_len=32768
lt_lt_cv_prog_compiler_c_o='"yes"'
lt_lt_cv_prog_compiler_c_o_CXX='"yes"'
lt_lt_cv_prog_compiler_c_o_F77='"yes"'
lt_lt_cv_sys_global_symbol_pipe='"sed -n -e '\''s/^.*[ 	]\\([ABCDGIRSTW][ABCDGIRSTW]*\\)[ 	][ 	]*\\([_A-Za-z][_A-Za-z0-9]*\\)\$/\\1 \\2 \\2/p'\''"'
lt_lt_cv_sys_global_symbol_to_c_name_address='"sed -n -e '\''s/^: \\([^ ]*\\) \$/  {\\\"\\1\\\", (lt_ptr) 0},/p'\'' -e '\''s/^[BCDEGRST] \\([^ ]*\\) \\([^ ]*\\)\$/  {\"\\2\", (lt_ptr) \\&\\2},/p'\''"'
lt_lt_cv_sys_global_symbol_to_cdecl='"sed -n -e '\''s/^. .* \\(.*\\)\$/extern int \\1;/p'\''"'

## ----------------- ##
## Output variables. ##
## ----------------- ##

ACLOCAL='${SHELL} /home/kyndig/mudmagic_client/missing --run aclocal-1.9'
AMDEPBACKSLASH='\'
AMDEP_FALSE='#'
AMDEP_TRUE=''
AMTAR='${SHELL} /home/kyndig/mudmagic_client/missing --run tar'
AR='ar'
AUTOCONF='${SHELL} /home/kyndig/mudmagic_client/missing --run autoconf'
AUTOHEADER='${SHELL} /home/kyndig/mudmagic_client/missing --run autoheader'
AUTOMAKE='${SHELL} /home/kyndig/mudmagic_client/missing --run automake-1.9'
AWK='gawk'
BUNDLED_LIBS=' $(top_builddir)/bundled/libmxp.la $(top_builddir)/bundled/libcurl.la'
CC='ccache gcc'
CCDEPMODE='depmode=gcc3'
CFLAGS='-g -O2'
CPP='ccache gcc -E'
CPPFLAGS=''
CURL_CFLAGS='-I$(top_builddir)/bundled/curl'
CURL_LIBS=''
CXX='ccache g++'
CXXCPP='ccache g++ -E'
CXXDEPMODE='depmode=gcc3'
CXXFLAGS='-g -O2'
CYGPATH_W='echo'
DEBUG=''
DEFS='-DHAVE_CONFIG_H'
DEPDIR='.deps'
ECHO='echo'
ECHO_C=''
ECHO_N='-n'
ECHO_T=''
EGREP='grep -E'
EXEEXT=''
F77='f95'
FFLAGS='-g -O2'
GTK_CFLAGS=' -DGTK_GREATER_THAN -DGTK_2_8_9_PLUS -I/usr/include/gtk-2.0 -I/usr/lib/gtk-2.0/include -I/usr/include/atk-1.0 -I/usr/include/cairo -I/usr/include/pango-1.0 -I/usr/include/glib-2.0 -I/usr/lib/glib-2.0/include  '
GTK_LIBS='-lgtk-x11-2.0 -lgdk-x11-2.0 -latk-1.0 -lgdk_pixbuf-2.0 -lm -lpangocairo-1.0 -lpango-1.0 -lcairo -lgobject-2.0 -lgmodule-2.0 -ldl -lglib-2.0  '
INSTALL_DATA='${INSTALL} -m 644'
INSTALL_PROGRAM='${INSTALL}'
INSTALL_SCRIPT='${INSTALL}'
INSTALL_STRIP_PROGRAM='${SHELL} $(install_sh) -c -s'
LDFLAGS=''
LIBGLADE_CFLAGS='-I/usr/include/libglade-2.0 -I/usr/include/gtk-2.0 -I/usr/include/libxml2 -I/usr/lib/gtk-2.0/include -I/usr/include/atk-1.0 -I/usr/include/cairo -I/usr/include/pango-1.0 -I/usr/include/glib-2.0 -I/usr/lib/glib-2.0/include  '
LIBGLADE_LIBS='-lglade-2.0 -lgtk-x11-2.0 -lxml2 -lz -lgdk-x11-2.0 -latk-1.0 -lgdk_pixbuf-2.0 -lm -lpangocairo-1.0 -lpango-1.0 -lcairo -lgobject-2.0 -lgmodule-2.0 -ldl -lglib-2.0  '
LIBOBJS=''
LIBS='-lgthread-2.0 -lutil -lpthread '
LIBTOOL='$(SHELL) $(top_builddir)/libtool'
LIBTOOL_DEPS='./ltmain.sh'
LIBXML_CFLAGS=''
LIBXML_LIBS=''
LN_S='ln -s'
LTLIBOBJS=''
MAKEINFO='${SHELL} /home/kyndig/mudmagic_client/missing --run makeinfo'
MISSING_LIBCURL=''
MISSING_LIBCURL_FALSE='#'
MISSING_LIBCURL_TRUE=''
MISSING_LIBGLADE=''
MISSING_LIBGLADE_FALSE=''
MISSING_LIBGLADE_TRUE='#'
MISSING_LIBMXP=''
MISSING_LIBMXP_FALSE='#'
MISSING_LIBMXP_TRUE=''
MISSING_PCRE=''
MISSING_PCRE_FALSE=''
MISSING_PCRE_TRUE='#'
MISSING_SQLITE=''
MISSING_SQLITE_FALSE=''
MISSING_SQLITE_TRUE='#'
MISSING_ZLIB=''
MISSING_ZLIB_FALSE=''
MISSING_ZLIB_TRUE='#'
MUDMAGIC_LIBS='-L$(top_builddir)/src libmudmagic.la'
MUDMAGIC_LIB_VERSION='1:9:1'
MUDMAGIC_MAJOR_VER='1'
MUDMAGIC_MINOR_VER='9'
MUDMAGIC_PATCH_VER='0'
MXP_CFLAGS='-I$(top_builddir)/bundled/'
MXP_LIBS=''
OBJEXT='o'
PACKAGE='mudmagic'
PACKAGE_BUGREPORT=''
PACKAGE_NAME=''
PACKAGE_STRING=''
PACKAGE_TARNAME=''
PACKAGE_VERSION=''
PATH_SEPARATOR=':'
PCRE_CFLAGS='-I/usr/include/pcre'
PCRE_LIBS='-lpcre'
PROFILE=''
PYTHON_CFLAGS='-I/usr/include/python2.4'
PYTHON_LIBS='-lpython2.4 -L/usr/lib/python2.4/config'
RANLIB='ranlib'
SET_MAKE=''
SHELL='/bin/sh'
SQLITE_CFLAGS='-I/usr/local/include/sqlite -I/usr/include/sqlite'
SQLITE_LIBS='-lsqlite3'
STRIP='strip'
VERSION='1.9'
ZLIB_CFLAGS='-I/usr/local/include/zlib -I/usr/include/zlib'
ZLIB_LIBS='-lz'
ac_ct_AR='ar'
ac_ct_CC='ccache gcc'
ac_ct_CXX=''
ac_ct_F77='f95'
ac_ct_RANLIB='ranlib'
ac_ct_STRIP='strip'
aclocaldir=''
am__fastdepCC_FALSE='#'
am__fastdepCC_TRUE=''
am__fastdepCXX_FALSE='#'
am__fastdepCXX_TRUE=''
am__include='include'
am__leading_dot='.'
am__quote=''
am__tar='${AMTAR} chof - "$$tardir"'
am__untar='${AMTAR} xf -'
bindir='${exec_prefix}/bin'
build='i686-pc-linux-gnu'
build_alias=''
build_cpu='i686'
build_os='linux-gnu'
build_vendor='pc'
bundle_libdir='${exec_prefix}/lib/mudmagic/libs'
datadir='${prefix}/share'
exec_prefix='${prefix}'
host='i686-pc-linux-gnu'
host_alias=''
host_cpu='i686'
host_os='linux-gnu'
host_vendor='pc'
includedir='${prefix}/include'
infodir='${prefix}/info'
install_sh='/home/kyndig/mudmagic_client/install-sh'
libdir='${exec_prefix}/lib'
libexecdir='${exec_prefix}/libexec'
localstatedir='${prefix}/var'
mandir='${prefix}/man'
mkdir_p='mkdir -p --'
mudmagic_libdir='${exec_prefix}/lib/mudmagic/'
mxp_libname='libmxp.so.0'
oldincludedir='/usr/include'
pcre_libname='libpcre.so.0'
prefix='/usr'
program_transform_name='s,x,x,'
sbindir='${exec_prefix}/sbin'
sharedstatedir='${prefix}/com'
sql_libname='libsqlite3.so.0'
sysconfdir='${prefix}/etc'
target_alias=''

## ----------- ##
## confdefs.h. ##
## ----------- ##

#define HAVE_ARPA_INET_H 1
#define HAVE_DLFCN_H 1
#define HAVE_GETHOSTBYNAME 1
#define HAVE_INTTYPES_H 1
#define HAVE_LIBGTHREAD_2_0 1
#define HAVE_LIBPTHREAD 1
#define HAVE_LIBUTIL 1
#define HAVE_MEMORY_H 1
#define HAVE_MEMSET 1
#define HAVE_MKDIR 1
#define HAVE_NETDB_H 1
#define HAVE_NETINET_IN_H 1
#define HAVE_PCRE_H 1
#define HAVE_SOCKET 1
#define HAVE_SQLITE3_H 1
#define HAVE_STDINT_H 1
#define HAVE_STDLIB_H 1
#define HAVE_STDLIB_H 1
#define HAVE_STRCHR 1
#define HAVE_STRFTIME 1
#define HAVE_STRINGS_H 1
#define HAVE_STRING_H 1
#define HAVE_STRING_H 1
#define HAVE_SYS_SOCKET_H 1
#define HAVE_SYS_STAT_H 1
#define HAVE_SYS_TYPES_H 1
#define HAVE_UNISTD_H 1
#define HAVE_UNISTD_H 1
#define HAVE_ZLIB_H 1
#define PACKAGE "mudmagic"
#define PACKAGE_BUGREPORT ""
#define PACKAGE_NAME ""
#define PACKAGE_STRING ""
#define PACKAGE_TARNAME ""
#define PACKAGE_VERSION ""
#define STDC_HEADERS 1
#define STDC_HEADERS 1
#define VERSION "1.9"
#endif
#ifdef __cplusplus
extern "C" void std::exit (int) throw (); using std::exit;

configure: exit 0
